# McoresScanner - OVERWORLD
# Chunks scanned: 89000
# Total blocks: 8726272000
# Format: block_id,count,percentage

minecraft:air,5876538650,67.343061%
minecraft:deepslate,1179157960,13.512734%
minecraft:stone,800757386,9.176397%
minecraft:water,256175567,2.935682%
minecraft:tuff,97995964,1.122999%
minecraft:andesite,84814374,0.971943%
minecraft:diorite,80790189,0.925827%
minecraft:granite,77996883,0.893817%
minecraft:bedrock,68366978,0.783461%
minecraft:dirt,48906597,0.560452%
minecraft:gravel,44693012,0.512166%
minecraft:sand,10985568,0.125891%
minecraft:clay,7886116,0.090372%
minecraft:grass_block,7550217,0.086523%
minecraft:sandstone,6784114,0.077744%
minecraft:copper_ore,6706528,0.076854%
minecraft:coal_ore,6678252,0.076530%
minecraft:iron_ore,4361335,0.049979%
minecraft:cave_air,4156622,0.047633%
minecraft:oak_leaves,4071204,0.046655%
minecraft:lava,3836400,0.043964%
minecraft:tuff_bricks,3438682,0.039406%
minecraft:kelp_plant,3061389,0.035082%
minecraft:deepslate_redstone_ore,2914193,0.033396%
minecraft:deepslate_iron_ore,2531399,0.029009%
minecraft:smooth_basalt,2119734,0.024291%
minecraft:deepslate_diamond_ore,2111130,0.024193%
minecraft:tall_seagrass,1961246,0.022475%
minecraft:deepslate_gold_ore,1902869,0.021806%
minecraft:calcite,1721569,0.019729%
minecraft:packed_ice,1458826,0.016718%
minecraft:moss_block,1454936,0.016673%
minecraft:amethyst_block,1345681,0.015421%
minecraft:deepslate_lapis_ore,1214981,0.013923%
minecraft:seagrass,1138968,0.013052%
minecraft:jungle_leaves,1090180,0.012493%
minecraft:leaf_litter,1084519,0.012428%
minecraft:birch_leaves,1047999,0.012010%
minecraft:dripstone_block,1028890,0.011791%
minecraft:short_grass,1020103,0.011690%
minecraft:vine,1010084,0.011575%
minecraft:lapis_ore,858598,0.009839%
minecraft:spruce_leaves,806631,0.009244%
minecraft:deepslate_copper_ore,635725,0.007285%
minecraft:kelp,579903,0.006645%
minecraft:terracotta,491870,0.005637%
minecraft:oak_planks,405948,0.004652%
minecraft:polished_tuff,389723,0.004466%
minecraft:orange_terracotta,373001,0.004274%
minecraft:gold_ore,355713,0.004076%
minecraft:snow,349969,0.004011%
minecraft:waxed_copper_block,348318,0.003992%
minecraft:sculk,339935,0.003896%
minecraft:oak_log,322544,0.003696%
minecraft:waxed_oxidized_copper,269866,0.003093%
minecraft:ice,268698,0.003079%
minecraft:jungle_log,259411,0.002973%
minecraft:glow_lichen,253744,0.002908%
minecraft:oak_fence,243390,0.002789%
minecraft:redstone_ore,240379,0.002755%
minecraft:pointed_dripstone,233634,0.002677%
minecraft:cobblestone,218175,0.002500%
minecraft:chiseled_tuff_bricks,214081,0.002453%
minecraft:red_terracotta,198863,0.002279%
minecraft:cave_vines_plant,193462,0.002217%
minecraft:tall_grass,134385,0.001540%
minecraft:acacia_leaves,132602,0.001520%
minecraft:dark_oak_leaves,132410,0.001517%
minecraft:birch_log,128789,0.001476%
minecraft:budding_amethyst,122088,0.001399%
minecraft:spruce_log,119775,0.001373%
minecraft:magma_block,113387,0.001299%
minecraft:light_gray_terracotta,113307,0.001298%
minecraft:mossy_cobblestone,110801,0.001270%
minecraft:sculk_vein,110058,0.001261%
minecraft:cave_vines,107490,0.001232%
minecraft:podzol,99703,0.001143%
minecraft:white_terracotta,98661,0.001131%
minecraft:prismarine_bricks,93634,0.001073%
minecraft:prismarine,93488,0.001071%
minecraft:rail,93427,0.001071%
minecraft:moss_carpet,90479,0.001037%
minecraft:bamboo,84506,0.000968%
minecraft:waxed_oxidized_cut_copper,80773,0.000926%
minecraft:cobweb,80746,0.000925%
minecraft:fern,74763,0.000857%
minecraft:deepslate_coal_ore,69482,0.000796%
minecraft:snow_block,57291,0.000657%
minecraft:coarse_dirt,56314,0.000645%
minecraft:waxed_copper_grate,49473,0.000567%
minecraft:dark_oak_log,49342,0.000565%
minecraft:infested_deepslate,42235,0.000484%
minecraft:red_sand,40759,0.000467%
minecraft:infested_stone,38202,0.000438%
minecraft:diamond_ore,37079,0.000425%
minecraft:wildflowers,33656,0.000386%
minecraft:blue_ice,31506,0.000361%
minecraft:netherrack,29636,0.000340%
minecraft:azalea,25298,0.000290%
minecraft:waxed_oxidized_cut_copper_stairs,24898,0.000285%
minecraft:yellow_terracotta,21983,0.000252%
minecraft:stone_bricks,21665,0.000248%
minecraft:brown_terracotta,20397,0.000234%
minecraft:iron_chain,20215,0.000232%
minecraft:big_dripleaf_stem,19090,0.000219%
minecraft:dirt_path,17193,0.000197%
minecraft:big_dripleaf,16437,0.000188%
minecraft:mossy_stone_bricks,15869,0.000182%
minecraft:acacia_log,15469,0.000177%
minecraft:powder_snow,14790,0.000169%
minecraft:flowering_azalea,14472,0.000166%
minecraft:waxed_copper_bulb,14017,0.000161%
minecraft:bush,12743,0.000146%
minecraft:tube_coral_block,12475,0.000143%
minecraft:horn_coral_block,11790,0.000135%
minecraft:bubble_coral_block,11784,0.000135%
minecraft:brown_mushroom,11483,0.000132%
minecraft:large_fern,11337,0.000130%
minecraft:rooted_dirt,11271,0.000129%
minecraft:brain_coral_block,10841,0.000124%
minecraft:fire_coral_block,10593,0.000121%
minecraft:waxed_chiseled_copper,10213,0.000117%
minecraft:dandelion,9941,0.000114%
minecraft:chiseled_tuff,9936,0.000114%
minecraft:cracked_stone_bricks,9861,0.000113%
minecraft:dark_oak_planks,9253,0.000106%
minecraft:raw_iron_block,9150,0.000105%
minecraft:gray_wool,8688,0.000100%
minecraft:spruce_planks,8600,0.000099%
minecraft:oak_stairs,8415,0.000096%
minecraft:small_dripleaf,8226,0.000094%
minecraft:deepslate_bricks,7975,0.000091%
minecraft:waxed_oxidized_copper_grate,7910,0.000091%
minecraft:raw_copper_block,7732,0.000089%
minecraft:horn_coral_wall_fan,7224,0.000083%
minecraft:tube_coral_wall_fan,7220,0.000083%
minecraft:fire_coral_wall_fan,7184,0.000082%
minecraft:bubble_coral_wall_fan,7118,0.000082%
minecraft:brain_coral_wall_fan,7095,0.000081%
minecraft:waxed_cut_copper_slab,6928,0.000079%
minecraft:waxed_weathered_copper_bulb,6259,0.000072%
minecraft:dead_bush,6170,0.000071%
minecraft:red_mushroom_block,6149,0.000070%
minecraft:waxed_exposed_copper_bulb,6126,0.000070%
minecraft:smooth_sandstone,5896,0.000068%
minecraft:deepslate_tiles,5686,0.000065%
minecraft:ladder,5353,0.000061%
minecraft:large_amethyst_bud,5321,0.000061%
minecraft:medium_amethyst_bud,5275,0.000060%
minecraft:amethyst_cluster,5167,0.000059%
minecraft:small_amethyst_bud,5156,0.000059%
minecraft:emerald_ore,4994,0.000057%
minecraft:cut_sandstone,4954,0.000057%
minecraft:wall_torch,4852,0.000056%
minecraft:cobbled_deepslate,4649,0.000053%
minecraft:cocoa,4473,0.000051%
minecraft:dark_prismarine,4456,0.000051%
minecraft:bone_block,4398,0.000050%
minecraft:cherry_leaves,4028,0.000046%
minecraft:chest,4005,0.000046%
minecraft:waxed_cut_copper,3904,0.000045%
minecraft:cracked_deepslate_bricks,3775,0.000043%
minecraft:jungle_planks,3503,0.000040%
minecraft:sea_pickle,3428,0.000039%
minecraft:short_dry_grass,3371,0.000039%
minecraft:tall_dry_grass,3344,0.000038%
minecraft:sugar_cane,3312,0.000038%
minecraft:sunflower,3300,0.000038%
minecraft:decorated_pot,3269,0.000037%
minecraft:spruce_stairs,3237,0.000037%
minecraft:waxed_oxidized_copper_trapdoor,3152,0.000036%
minecraft:peony,2918,0.000033%
minecraft:orange_tulip,2884,0.000033%
minecraft:azure_bluet,2877,0.000033%
minecraft:spawner,2812,0.000032%
minecraft:dark_oak_stairs,2733,0.000031%
minecraft:dark_oak_fence,2717,0.000031%
minecraft:rose_bush,2698,0.000031%
minecraft:red_tulip,2691,0.000031%
minecraft:light_gray_stained_glass,2647,0.000030%
minecraft:cracked_deepslate_tiles,2481,0.000028%
minecraft:deepslate_tile_stairs,2437,0.000028%
minecraft:lilac,2391,0.000027%
minecraft:spore_blossom,2374,0.000027%
minecraft:sculk_sensor,2329,0.000027%
minecraft:oxeye_daisy,2275,0.000026%
minecraft:white_tulip,2174,0.000025%
minecraft:waxed_oxidized_copper_bulb,2016,0.000023%
minecraft:jungle_stairs,1970,0.000023%
minecraft:infested_stone_bricks,1942,0.000022%
minecraft:polished_deepslate,1847,0.000021%
minecraft:vault,1782,0.000020%
minecraft:sea_lantern,1779,0.000020%
minecraft:poppy,1744,0.000020%
minecraft:oak_button,1743,0.000020%
minecraft:dispenser,1715,0.000020%
minecraft:pink_petals,1669,0.000019%
minecraft:melon,1610,0.000018%
minecraft:brown_mushroom_block,1572,0.000018%
minecraft:lily_of_the_valley,1557,0.000018%
minecraft:cornflower,1538,0.000018%
minecraft:birch_planks,1506,0.000017%
minecraft:farmland,1409,0.000016%
minecraft:mud_bricks,1407,0.000016%
minecraft:pink_tulip,1369,0.000016%
minecraft:red_mushroom,1367,0.000016%
minecraft:chiseled_deepslate,1352,0.000015%
minecraft:suspicious_gravel,1323,0.000015%
minecraft:trial_spawner,1288,0.000015%
minecraft:barrel,1282,0.000015%
minecraft:oxidized_cut_copper,1223,0.000014%
minecraft:azalea_leaves,1153,0.000013%
minecraft:firefly_bush,1077,0.000012%
minecraft:pumpkin,1067,0.000012%
minecraft:bubble_coral,1020,0.000012%
minecraft:candle,1020,0.000012%
minecraft:horn_coral_fan,1012,0.000012%
minecraft:fire_coral,1008,0.000012%
minecraft:brain_coral_fan,1005,0.000012%
minecraft:acacia_stairs,1003,0.000011%
minecraft:spruce_fence,1001,0.000011%
minecraft:polished_tuff_slab,972,0.000011%
minecraft:tube_coral,972,0.000011%
minecraft:red_candle,972,0.000011%
minecraft:mushroom_stem,971,0.000011%
minecraft:red_glazed_terracotta,971,0.000011%
minecraft:bubble_coral_fan,958,0.000011%
minecraft:fire_coral_fan,957,0.000011%
minecraft:waxed_oxidized_copper_door,954,0.000011%
minecraft:brain_coral,952,0.000011%
minecraft:horn_coral,952,0.000011%
minecraft:wheat,949,0.000011%
minecraft:tube_coral_fan,938,0.000011%
minecraft:acacia_planks,931,0.000011%
minecraft:chiseled_stone_bricks,904,0.000010%
minecraft:bookshelf,788,0.000009%
minecraft:hopper,767,0.000009%
minecraft:iron_bars,731,0.000008%
minecraft:deepslate_tile_slab,726,0.000008%
minecraft:waxed_cut_copper_stairs,722,0.000008%
minecraft:bubble_column,690,0.000008%
minecraft:lily_pad,682,0.000008%
minecraft:spruce_slab,680,0.000008%
minecraft:obsidian,675,0.000008%
minecraft:chiseled_sandstone,670,0.000008%
minecraft:polished_granite,648,0.000007%
minecraft:bricks,639,0.000007%
minecraft:cobblestone_stairs,610,0.000007%
minecraft:sculk_catalyst,596,0.000007%
minecraft:suspicious_sand,596,0.000007%
minecraft:allium,583,0.000007%
minecraft:glass_pane,581,0.000007%
minecraft:wet_sponge,553,0.000006%
minecraft:cactus,551,0.000006%
minecraft:stripped_spruce_log,548,0.000006%
minecraft:smooth_sandstone_slab,541,0.000006%
minecraft:flower_pot,527,0.000006%
minecraft:hay_block,520,0.000006%
minecraft:copper_block,480,0.000006%
minecraft:potted_dead_bush,473,0.000005%
minecraft:deepslate_brick_stairs,466,0.000005%
minecraft:stripped_spruce_wood,449,0.000005%
minecraft:white_stained_glass,436,0.000005%
minecraft:stone_brick_stairs,432,0.000005%
minecraft:stripped_oak_log,431,0.000005%
minecraft:flowering_azalea_leaves,399,0.000005%
minecraft:acacia_fence,389,0.000004%
minecraft:smooth_stone_slab,387,0.000004%
minecraft:red_concrete,368,0.000004%
minecraft:gray_carpet,362,0.000004%
minecraft:sweet_berry_bush,358,0.000004%
minecraft:oak_door,356,0.000004%
minecraft:oak_slab,336,0.000004%
minecraft:acacia_wood,317,0.000004%
minecraft:waxed_oxidized_cut_copper_slab,317,0.000004%
minecraft:polished_basalt,313,0.000004%
minecraft:acacia_slab,309,0.000004%
minecraft:oak_trapdoor,297,0.000003%
minecraft:smooth_sandstone_stairs,279,0.000003%
minecraft:mangrove_leaves,276,0.000003%
minecraft:jungle_fence,273,0.000003%
minecraft:cherry_log,267,0.000003%
minecraft:black_stained_glass,264,0.000003%
minecraft:sculk_shrieker,264,0.000003%
minecraft:dark_oak_slab,246,0.000003%
minecraft:mossy_stone_brick_slab,239,0.000003%
minecraft:spruce_trapdoor,234,0.000003%
minecraft:torch,220,0.000003%
minecraft:sandstone_slab,212,0.000002%
minecraft:packed_mud,209,0.000002%
minecraft:dark_oak_trapdoor,204,0.000002%
minecraft:deepslate_brick_slab,201,0.000002%
minecraft:blue_terracotta,191,0.000002%
minecraft:bee_nest,186,0.000002%
minecraft:cyan_terracotta,184,0.000002%
minecraft:deepslate_tile_wall,183,0.000002%
minecraft:red_sandstone,171,0.000002%
minecraft:stone_button,170,0.000002%
minecraft:white_concrete,160,0.000002%
minecraft:jungle_trapdoor,159,0.000002%
minecraft:gold_block,158,0.000002%
minecraft:sandstone_stairs,158,0.000002%
minecraft:melon_stem,153,0.000002%
minecraft:stone_brick_slab,151,0.000002%
minecraft:tripwire,149,0.000002%
minecraft:polished_deepslate_wall,146,0.000002%
minecraft:soul_lantern,146,0.000002%
minecraft:iron_door,138,0.000002%
minecraft:carrots,137,0.000002%
minecraft:white_bed,134,0.000002%
minecraft:deepslate_emerald_ore,131,0.000002%
minecraft:birch_fence,131,0.000002%
minecraft:white_candle,127,0.000001%
minecraft:jungle_slab,126,0.000001%
minecraft:smooth_stone,126,0.000001%
minecraft:purple_bed,124,0.000001%
minecraft:potatoes,121,0.000001%
minecraft:cobblestone_wall,121,0.000001%
minecraft:sandstone_wall,120,0.000001%
minecraft:birch_stairs,119,0.000001%
minecraft:mossy_stone_brick_stairs,114,0.000001%
minecraft:redstone_wire,106,0.000001%
minecraft:yellow_bed,104,0.000001%
minecraft:lime_bed,96,0.000001%
minecraft:hanging_roots,95,0.000001%
minecraft:cactus_flower,95,0.000001%
minecraft:birch_slab,90,0.000001%
minecraft:waxed_copper_door,90,0.000001%
minecraft:oak_pressure_plate,86,0.000001%
minecraft:white_wool,82,0.000001%
minecraft:mud_brick_stairs,82,0.000001%
minecraft:crying_obsidian,82,0.000001%
minecraft:light_blue_wool,80,0.000001%
minecraft:spruce_door,80,0.000001%
minecraft:waxed_oxidized_chiseled_copper,78,0.000001%
minecraft:light_blue_carpet,72,0.000001%
minecraft:polished_deepslate_stairs,72,0.000001%
minecraft:light_blue_terracotta,69,0.000001%
minecraft:mud_brick_slab,68,0.000001%
minecraft:tripwire_hook,68,0.000001%
minecraft:soul_fire,65,0.000001%
minecraft:soul_sand,65,0.000001%
minecraft:blue_bed,64,0.000001%
minecraft:green_bed,62,0.000001%
minecraft:brick_stairs,61,0.000001%
minecraft:jungle_button,59,0.000001%
minecraft:light_gray_glazed_terracotta,58,0.000001%
minecraft:jungle_door,58,0.000001%
minecraft:yellow_glazed_terracotta,56,0.000001%
minecraft:reinforced_deepslate,56,0.000001%
minecraft:acacia_door,56,0.000001%
minecraft:cyan_carpet,50,0.000001%
minecraft:black_bed,50,0.000001%
minecraft:cyan_bed,46,0.000001%
minecraft:red_bed,46,0.000001%
minecraft:yellow_wool,45,0.000001%
minecraft:beetroots,43,0.000000%
minecraft:lantern,42,0.000000%
minecraft:gray_terracotta,42,0.000000%
minecraft:polished_andesite,40,0.000000%
minecraft:yellow_stained_glass_pane,40,0.000000%
minecraft:stripped_oak_wood,40,0.000000%
minecraft:cobbled_deepslate_stairs,40,0.000000%
minecraft:brown_wall_banner,39,0.000000%
minecraft:crafting_table,38,0.000000%
minecraft:white_stained_glass_pane,38,0.000000%
minecraft:orange_glazed_terracotta,37,0.000000%
minecraft:magenta_bed,36,0.000000%
minecraft:mangrove_log,36,0.000000%
minecraft:orange_bed,36,0.000000%
minecraft:stone_slab,36,0.000000%
minecraft:mangrove_roots,35,0.000000%
minecraft:blue_orchid,35,0.000000%
minecraft:potted_cactus,35,0.000000%
minecraft:brown_bed,34,0.000000%
minecraft:mud,31,0.000000%
minecraft:light_gray_wool,30,0.000000%
minecraft:blue_carpet,30,0.000000%
minecraft:composter,29,0.000000%
minecraft:end_portal_frame,24,0.000000%
minecraft:cobbled_deepslate_wall,24,0.000000%
minecraft:white_wall_banner,24,0.000000%
minecraft:furnace,23,0.000000%
minecraft:water_cauldron,23,0.000000%
minecraft:mangrove_wood,23,0.000000%
minecraft:polished_diorite,23,0.000000%
minecraft:redstone_lamp,23,0.000000%
minecraft:gray_bed,22,0.000000%
minecraft:light_gray_bed,22,0.000000%
minecraft:light_blue_bed,22,0.000000%
minecraft:black_glazed_terracotta,22,0.000000%
minecraft:oxidized_copper_trapdoor,20,0.000000%
minecraft:mud_brick_wall,20,0.000000%
minecraft:bell,19,0.000000%
minecraft:brick_slab,19,0.000000%
minecraft:cobblestone_slab,17,0.000000%
minecraft:sticky_piston,17,0.000000%
minecraft:diorite_wall,15,0.000000%
minecraft:light_blue_glazed_terracotta,15,0.000000%
minecraft:green_carpet,14,0.000000%
minecraft:lever,14,0.000000%
minecraft:dark_oak_door,14,0.000000%
minecraft:oak_fence_gate,14,0.000000%
minecraft:carved_pumpkin,12,0.000000%
minecraft:repeater,12,0.000000%
minecraft:muddy_mangrove_roots,12,0.000000%
minecraft:blast_furnace,12,0.000000%
minecraft:pink_bed,10,0.000000%
minecraft:brewing_stand,9,0.000000%
minecraft:acacia_pressure_plate,9,0.000000%
minecraft:yellow_carpet,9,0.000000%
minecraft:deepslate_brick_wall,9,0.000000%
minecraft:comparator,9,0.000000%
minecraft:brick_wall,9,0.000000%
minecraft:white_glazed_terracotta,8,0.000000%
minecraft:grindstone,7,0.000000%
minecraft:mossy_cobblestone_stairs,7,0.000000%
minecraft:loom,6,0.000000%
minecraft:cartography_table,6,0.000000%
minecraft:diorite_stairs,5,0.000000%
minecraft:skeleton_skull,5,0.000000%
minecraft:smithing_table,5,0.000000%
minecraft:stonecutter,5,0.000000%
minecraft:glass,4,0.000000%
minecraft:piston_head,4,0.000000%
minecraft:cyan_glazed_terracotta,4,0.000000%
minecraft:purple_glazed_terracotta,4,0.000000%
minecraft:fletching_table,4,0.000000%
minecraft:diorite_slab,4,0.000000%
minecraft:smoker,4,0.000000%
minecraft:redstone_wall_torch,4,0.000000%
minecraft:coal_block,4,0.000000%
minecraft:polished_deepslate_slab,3,0.000000%
minecraft:acacia_fence_gate,3,0.000000%
minecraft:white_carpet,3,0.000000%
minecraft:purple_carpet,3,0.000000%
minecraft:potted_dandelion,3,0.000000%
minecraft:stone_pressure_plate,3,0.000000%
minecraft:campfire,3,0.000000%
minecraft:mossy_stone_brick_wall,3,0.000000%
minecraft:brown_stained_glass,2,0.000000%
minecraft:redstone_block,2,0.000000%
minecraft:spruce_pressure_plate,2,0.000000%
minecraft:lectern,2,0.000000%
minecraft:note_block,2,0.000000%
minecraft:mossy_cobblestone_wall,1,0.000000%
minecraft:iron_trapdoor,1,0.000000%
minecraft:cauldron,1,0.000000%
minecraft:stone_brick_wall,1,0.000000%
minecraft:mossy_cobblestone_slab,1,0.000000%
minecraft:target,1,0.000000%
