# McoresScanner - OVERWORLD
# Chunks scanned: 87500
# Total blocks: 1805651968
# Format: block_id,count,percentage

minecraft:air,1215000960,67.288768%
minecraft:deepslate,243782329,13.501070%
minecraft:stone,164641534,9.118121%
minecraft:water,57643268,3.192380%
minecraft:tuff,20316351,1.125153%
minecraft:andesite,17216961,0.953504%
minecraft:diorite,16380067,0.907155%
minecraft:granite,16036575,0.888132%
minecraft:bedrock,14145041,0.783376%
minecraft:dirt,10049927,0.556582%
minecraft:gravel,9374421,0.519171%
minecraft:sand,1952968,0.108159%
minecraft:clay,1721346,0.095331%
minecraft:copper_ore,1407277,0.077937%
minecraft:coal_ore,1371110,0.075934%
minecraft:grass_block,1350855,0.074813%
minecraft:iron_ore,896403,0.049644%
minecraft:cave_air,864891,0.047899%
minecraft:lava,863980,0.047849%
minecraft:kelp_plant,779250,0.043156%
minecraft:tuff_bricks,735130,0.040713%
minecraft:spruce_leaves,638031,0.035335%
minecraft:oak_leaves,620565,0.034368%
minecraft:deepslate_redstone_ore,601034,0.033286%
minecraft:deepslate_iron_ore,526023,0.029132%
minecraft:sandstone,513021,0.028412%
minecraft:tall_seagrass,469816,0.026019%
minecraft:smooth_basalt,447853,0.024803%
minecraft:deepslate_diamond_ore,436448,0.024171%
minecraft:deepslate_gold_ore,395117,0.021882%
minecraft:calcite,363961,0.020157%
minecraft:moss_block,350335,0.019402%
minecraft:seagrass,287267,0.015909%
minecraft:amethyst_block,284564,0.015760%
minecraft:deepslate_lapis_ore,252223,0.013969%
minecraft:leaf_litter,249945,0.013842%
minecraft:birch_leaves,218332,0.012092%
minecraft:dripstone_block,193383,0.010710%
minecraft:lapis_ore,172891,0.009575%
minecraft:kelp,151936,0.008414%
minecraft:deepslate_copper_ore,125166,0.006932%
minecraft:short_grass,117873,0.006528%
minecraft:spruce_log,98350,0.005447%
minecraft:snow,94412,0.005229%
minecraft:podzol,83803,0.004641%
minecraft:oak_planks,82972,0.004595%
minecraft:polished_tuff,82285,0.004557%
minecraft:waxed_copper_block,76560,0.004240%
minecraft:sculk,72948,0.004040%
minecraft:gold_ore,72042,0.003990%
minecraft:oak_log,57158,0.003166%
minecraft:waxed_oxidized_copper,54493,0.003018%
minecraft:oak_fence,52784,0.002923%
minecraft:glow_lichen,51391,0.002846%
minecraft:cave_vines_plant,49639,0.002749%
minecraft:redstone_ore,49416,0.002737%
minecraft:chiseled_tuff_bricks,46672,0.002585%
minecraft:pointed_dripstone,41365,0.002291%
minecraft:cobblestone,41077,0.002275%
minecraft:mossy_cobblestone,32921,0.001823%
minecraft:bamboo,29865,0.001654%
minecraft:birch_log,27529,0.001525%
minecraft:cave_vines,26956,0.001493%
minecraft:budding_amethyst,25995,0.001440%
minecraft:tall_grass,25361,0.001405%
minecraft:magma_block,24903,0.001379%
minecraft:sculk_vein,22815,0.001264%
minecraft:rail,20446,0.001132%
minecraft:moss_carpet,20365,0.001128%
minecraft:jungle_leaves,18739,0.001038%
minecraft:coarse_dirt,18550,0.001027%
minecraft:vine,18529,0.001026%
minecraft:waxed_oxidized_cut_copper,17963,0.000995%
minecraft:cobweb,17439,0.000966%
minecraft:deepslate_coal_ore,14663,0.000812%
minecraft:prismarine_bricks,13881,0.000769%
minecraft:prismarine,13052,0.000723%
minecraft:fern,11531,0.000639%
minecraft:waxed_copper_grate,10029,0.000555%
minecraft:large_fern,9105,0.000504%
minecraft:diamond_ore,7684,0.000426%
minecraft:wildflowers,7448,0.000412%
minecraft:snow_block,6358,0.000352%
minecraft:infested_deepslate,5913,0.000327%
minecraft:rooted_dirt,5862,0.000325%
minecraft:azalea,5718,0.000317%
minecraft:jungle_log,5510,0.000305%
minecraft:brown_mushroom,5398,0.000299%
minecraft:netherrack,5274,0.000292%
minecraft:waxed_oxidized_cut_copper_stairs,5067,0.000281%
minecraft:ice,4376,0.000242%
minecraft:big_dripleaf_stem,4195,0.000232%
minecraft:infested_stone,3762,0.000208%
minecraft:big_dripleaf,3649,0.000202%
minecraft:flowering_azalea,3330,0.000184%
minecraft:waxed_copper_bulb,3084,0.000171%
minecraft:powder_snow,3053,0.000169%
minecraft:brain_coral_block,2651,0.000147%
minecraft:bubble_coral_block,2440,0.000135%
minecraft:tube_coral_block,2431,0.000135%
minecraft:raw_copper_block,2427,0.000134%
minecraft:dandelion,2383,0.000132%
minecraft:horn_coral_block,2363,0.000131%
minecraft:waxed_chiseled_copper,2321,0.000129%
minecraft:fire_coral_block,2276,0.000126%
minecraft:iron_chain,2227,0.000123%
minecraft:bush,2144,0.000119%
minecraft:dark_oak_planks,1961,0.000109%
minecraft:chiseled_tuff,1929,0.000107%
minecraft:raw_iron_block,1902,0.000105%
minecraft:small_dripleaf,1792,0.000099%
minecraft:cut_sandstone,1688,0.000093%
minecraft:waxed_oxidized_copper_grate,1642,0.000091%
minecraft:spruce_planks,1596,0.000088%
minecraft:fire_coral_wall_fan,1567,0.000087%
minecraft:horn_coral_wall_fan,1551,0.000086%
minecraft:tube_coral_wall_fan,1546,0.000086%
minecraft:brain_coral_wall_fan,1489,0.000082%
minecraft:bubble_coral_wall_fan,1465,0.000081%
minecraft:waxed_cut_copper_slab,1362,0.000075%
minecraft:dirt_path,1334,0.000074%
minecraft:waxed_weathered_copper_bulb,1268,0.000070%
minecraft:waxed_exposed_copper_bulb,1218,0.000067%
minecraft:dark_oak_stairs,1184,0.000066%
minecraft:cherry_leaves,1150,0.000064%
minecraft:large_amethyst_bud,1145,0.000063%
minecraft:sunflower,1138,0.000063%
minecraft:amethyst_cluster,1123,0.000062%
minecraft:small_amethyst_bud,1120,0.000062%
minecraft:medium_amethyst_bud,1068,0.000059%
minecraft:ladder,1047,0.000058%
minecraft:mossy_stone_bricks,925,0.000051%
minecraft:wall_torch,891,0.000049%
minecraft:oxeye_daisy,799,0.000044%
minecraft:chest,784,0.000043%
minecraft:dark_prismarine,777,0.000043%
minecraft:waxed_oxidized_copper_trapdoor,739,0.000041%
minecraft:waxed_cut_copper,737,0.000041%
minecraft:acacia_leaves,725,0.000040%
minecraft:emerald_ore,705,0.000039%
minecraft:oak_stairs,652,0.000036%
minecraft:decorated_pot,642,0.000036%
minecraft:rose_bush,638,0.000035%
minecraft:cobbled_deepslate,610,0.000034%
minecraft:azure_bluet,605,0.000034%
minecraft:spore_blossom,572,0.000032%
minecraft:spawner,567,0.000031%
minecraft:sea_pickle,566,0.000031%
minecraft:azalea_leaves,558,0.000031%
minecraft:lilac,540,0.000030%
minecraft:bone_block,530,0.000029%
minecraft:peony,516,0.000029%
minecraft:cornflower,514,0.000028%
minecraft:sugar_cane,514,0.000028%
minecraft:stone_bricks,499,0.000028%
minecraft:pink_petals,487,0.000027%
minecraft:sculk_sensor,449,0.000025%
minecraft:mud_bricks,432,0.000024%
minecraft:waxed_oxidized_copper_bulb,425,0.000024%
minecraft:cracked_stone_bricks,400,0.000022%
minecraft:oak_button,395,0.000022%
minecraft:spruce_stairs,390,0.000022%
minecraft:dispenser,386,0.000021%
minecraft:dead_bush,357,0.000020%
minecraft:vault,354,0.000020%
minecraft:oxidized_cut_copper,354,0.000020%
minecraft:sweet_berry_bush,353,0.000020%
minecraft:barrel,300,0.000017%
minecraft:trial_spawner,298,0.000017%
minecraft:tall_dry_grass,298,0.000017%
minecraft:orange_tulip,297,0.000016%
minecraft:birch_planks,290,0.000016%
minecraft:packed_ice,288,0.000016%
minecraft:short_dry_grass,286,0.000016%
minecraft:suspicious_sand,280,0.000016%
minecraft:poppy,279,0.000015%
minecraft:lily_of_the_valley,273,0.000015%
minecraft:pumpkin,271,0.000015%
minecraft:suspicious_gravel,265,0.000015%
minecraft:dark_oak_log,264,0.000015%
minecraft:spruce_fence,263,0.000015%
minecraft:fire_coral,240,0.000013%
minecraft:sea_lantern,237,0.000013%
minecraft:chiseled_stone_bricks,233,0.000013%
minecraft:horn_coral_fan,229,0.000013%
minecraft:bubble_coral_fan,224,0.000012%
minecraft:light_gray_stained_glass,222,0.000012%
minecraft:brain_coral,216,0.000012%
minecraft:red_candle,215,0.000012%
minecraft:polished_tuff_slab,214,0.000012%
minecraft:red_glazed_terracotta,214,0.000012%
minecraft:waxed_oxidized_copper_door,212,0.000012%
minecraft:white_tulip,208,0.000012%
minecraft:red_tulip,206,0.000011%
minecraft:tube_coral,205,0.000011%
minecraft:bubble_coral,205,0.000011%
minecraft:brain_coral_fan,203,0.000011%
minecraft:red_mushroom,202,0.000011%
minecraft:tube_coral_fan,201,0.000011%
minecraft:fire_coral_fan,198,0.000011%
minecraft:horn_coral,197,0.000011%
minecraft:candle,196,0.000011%
minecraft:polished_granite,196,0.000011%
minecraft:flowering_azalea_leaves,192,0.000011%
minecraft:bricks,185,0.000010%
minecraft:hopper,184,0.000010%
minecraft:chiseled_sandstone,175,0.000010%
minecraft:dark_oak_fence,155,0.000009%
minecraft:firefly_bush,150,0.000008%
minecraft:gray_wool,146,0.000008%
minecraft:obsidian,130,0.000007%
minecraft:stone_brick_stairs,118,0.000007%
minecraft:sculk_catalyst,117,0.000006%
minecraft:blue_terracotta,117,0.000006%
minecraft:waxed_cut_copper_stairs,112,0.000006%
minecraft:flower_pot,104,0.000006%
minecraft:spruce_slab,101,0.000006%
minecraft:dark_oak_trapdoor,96,0.000005%
minecraft:dark_oak_slab,91,0.000005%
minecraft:potted_dead_bush,88,0.000005%
minecraft:deepslate_bricks,85,0.000005%
minecraft:cherry_log,81,0.000004%
minecraft:sandstone_stairs,81,0.000004%
minecraft:red_concrete,80,0.000004%
minecraft:acacia_log,80,0.000004%
minecraft:red_terracotta,76,0.000004%
minecraft:cactus,73,0.000004%
minecraft:mossy_stone_brick_slab,68,0.000004%
minecraft:spruce_trapdoor,66,0.000004%
minecraft:pink_tulip,65,0.000004%
minecraft:bubble_column,63,0.000003%
minecraft:allium,61,0.000003%
minecraft:copper_block,60,0.000003%
minecraft:white_terracotta,58,0.000003%
minecraft:waxed_oxidized_cut_copper_slab,58,0.000003%
minecraft:sculk_shrieker,56,0.000003%
minecraft:packed_mud,54,0.000003%
minecraft:jungle_planks,54,0.000003%
minecraft:white_stained_glass,52,0.000003%
minecraft:hanging_roots,50,0.000003%
minecraft:cobblestone_wall,48,0.000003%
minecraft:cracked_deepslate_bricks,47,0.000003%
minecraft:oak_slab,45,0.000002%
minecraft:cobblestone_stairs,42,0.000002%
minecraft:deepslate_tiles,41,0.000002%
minecraft:white_concrete,40,0.000002%
minecraft:bee_nest,39,0.000002%
minecraft:stone_button,38,0.000002%
minecraft:oak_trapdoor,38,0.000002%
minecraft:light_blue_terracotta,38,0.000002%
minecraft:black_stained_glass,36,0.000002%
minecraft:cocoa,33,0.000002%
minecraft:torch,31,0.000002%
minecraft:tripwire,30,0.000002%
minecraft:wet_sponge,29,0.000002%
minecraft:yellow_glazed_terracotta,28,0.000002%
minecraft:melon,28,0.000002%
minecraft:purple_bed,28,0.000002%
minecraft:gold_block,27,0.000001%
minecraft:cyan_terracotta,25,0.000001%
minecraft:deepslate_emerald_ore,24,0.000001%
minecraft:spruce_door,24,0.000001%
minecraft:mossy_stone_brick_stairs,22,0.000001%
minecraft:green_bed,22,0.000001%
minecraft:glass_pane,22,0.000001%
minecraft:iron_bars,22,0.000001%
minecraft:brick_stairs,21,0.000001%
minecraft:jungle_stairs,20,0.000001%
minecraft:light_gray_glazed_terracotta,20,0.000001%
minecraft:waxed_copper_door,20,0.000001%
minecraft:chiseled_deepslate,18,0.000001%
minecraft:cracked_deepslate_tiles,16,0.000001%
minecraft:crying_obsidian,16,0.000001%
minecraft:polished_diorite,15,0.000001%
minecraft:waxed_oxidized_chiseled_copper,15,0.000001%
minecraft:oak_pressure_plate,15,0.000001%
minecraft:white_bed,14,0.000001%
minecraft:blue_bed,12,0.000001%
minecraft:black_bed,12,0.000001%
minecraft:tripwire_hook,12,0.000001%
minecraft:cactus_flower,12,0.000001%
minecraft:light_blue_glazed_terracotta,11,0.000001%
minecraft:crafting_table,11,0.000001%
minecraft:yellow_terracotta,11,0.000001%
minecraft:magenta_bed,10,0.000001%
minecraft:stone_brick_slab,10,0.000001%
minecraft:brown_bed,10,0.000001%
minecraft:light_gray_terracotta,9,0.000000%
minecraft:brick_wall,9,0.000000%
minecraft:stone_slab,9,0.000000%
minecraft:polished_deepslate,9,0.000000%
minecraft:cyan_bed,8,0.000000%
minecraft:jungle_fence,8,0.000000%
minecraft:white_wall_banner,8,0.000000%
minecraft:pink_bed,8,0.000000%
minecraft:polished_andesite,8,0.000000%
minecraft:lime_bed,6,0.000000%
minecraft:dark_oak_door,6,0.000000%
minecraft:brick_slab,6,0.000000%
minecraft:yellow_wool,5,0.000000%
minecraft:white_wool,4,0.000000%
minecraft:mud_brick_stairs,4,0.000000%
minecraft:light_blue_bed,4,0.000000%
minecraft:mud_brick_slab,4,0.000000%
minecraft:red_bed,4,0.000000%
minecraft:loom,3,0.000000%
minecraft:white_carpet,3,0.000000%
minecraft:cobblestone_slab,3,0.000000%
minecraft:oxidized_copper_trapdoor,3,0.000000%
minecraft:purple_carpet,3,0.000000%
minecraft:gray_bed,2,0.000000%
minecraft:hay_block,2,0.000000%
minecraft:mossy_cobblestone_stairs,2,0.000000%
minecraft:orange_bed,2,0.000000%
minecraft:yellow_bed,2,0.000000%
minecraft:carved_pumpkin,2,0.000000%
minecraft:bell,2,0.000000%
minecraft:oak_door,2,0.000000%
minecraft:spruce_pressure_plate,2,0.000000%
minecraft:light_gray_bed,2,0.000000%
minecraft:campfire,1,0.000000%
minecraft:smooth_stone_slab,1,0.000000%
minecraft:soul_lantern,1,0.000000%
minecraft:brown_stained_glass,1,0.000000%
minecraft:furnace,1,0.000000%
minecraft:smithing_table,1,0.000000%
minecraft:grindstone,1,0.000000%
minecraft:cyan_glazed_terracotta,1,0.000000%
minecraft:cauldron,1,0.000000%
minecraft:blast_furnace,1,0.000000%
minecraft:mossy_cobblestone_slab,1,0.000000%
