# McoresScanner - OVERWORLD
# Chunks scanned: 61312
# Total blocks: 6011518976
# Format: block_id,count,percentage

minecraft:air,4045988466,67.303929%
minecraft:deepslate,812127070,13.509515%
minecraft:stone,559322593,9.304181%
minecraft:water,168211851,2.798159%
minecraft:tuff,67445751,1.121942%
minecraft:andesite,58916614,0.980062%
minecraft:diorite,56127462,0.933665%
minecraft:granite,53964160,0.897679%
minecraft:bedrock,47100739,0.783508%
minecraft:dirt,34685938,0.576991%
minecraft:gravel,30088774,0.500519%
minecraft:sand,8193976,0.136305%
minecraft:sandstone,5864583,0.097556%
minecraft:grass_block,5722961,0.095200%
minecraft:clay,5022382,0.083546%
minecraft:coal_ore,4707268,0.078304%
minecraft:copper_ore,4647182,0.077305%
minecraft:oak_leaves,3343112,0.055612%
minecraft:iron_ore,3012376,0.050110%
minecraft:cave_air,2934473,0.048814%
minecraft:lava,2641072,0.043934%
minecraft:tuff_bricks,2334294,0.038830%
minecraft:deepslate_redstone_ore,2007502,0.033394%
minecraft:kelp_plant,1904432,0.031680%
minecraft:deepslate_iron_ore,1733917,0.028843%
minecraft:deepslate_diamond_ore,1453977,0.024187%
minecraft:smooth_basalt,1453264,0.024175%
minecraft:tall_seagrass,1342735,0.022336%
minecraft:deepslate_gold_ore,1309142,0.021777%
minecraft:calcite,1179264,0.019617%
minecraft:jungle_leaves,1066200,0.017736%
minecraft:vine,985415,0.016392%
minecraft:amethyst_block,920632,0.015314%
minecraft:moss_block,893276,0.014859%
minecraft:deepslate_lapis_ore,835906,0.013905%
minecraft:short_grass,830861,0.013821%
minecraft:birch_leaves,812184,0.013510%
minecraft:dripstone_block,796669,0.013252%
minecraft:leaf_litter,795598,0.013235%
minecraft:seagrass,769309,0.012797%
minecraft:lapis_ore,596190,0.009917%
minecraft:terracotta,491870,0.008182%
minecraft:deepslate_copper_ore,450180,0.007489%
minecraft:orange_terracotta,372986,0.006205%
minecraft:kelp,357287,0.005943%
minecraft:oak_planks,289273,0.004812%
minecraft:polished_tuff,263420,0.004382%
minecraft:oak_log,255039,0.004243%
minecraft:jungle_log,252044,0.004193%
minecraft:gold_ore,246268,0.004097%
minecraft:sculk,236493,0.003934%
minecraft:waxed_copper_block,233123,0.003878%
minecraft:red_terracotta,198787,0.003307%
minecraft:waxed_oxidized_copper,184383,0.003067%
minecraft:pointed_dripstone,182965,0.003044%
minecraft:glow_lichen,177293,0.002949%
minecraft:oak_fence,169474,0.002819%
minecraft:redstone_ore,165095,0.002746%
minecraft:cobblestone,154765,0.002574%
minecraft:chiseled_tuff_bricks,144058,0.002396%
minecraft:dark_oak_leaves,132410,0.002203%
minecraft:acacia_leaves,130054,0.002163%
minecraft:cave_vines_plant,115000,0.001913%
minecraft:light_gray_terracotta,113298,0.001885%
minecraft:birch_log,99267,0.001651%
minecraft:white_terracotta,98466,0.001638%
minecraft:tall_grass,93867,0.001561%
minecraft:budding_amethyst,83392,0.001387%
minecraft:sculk_vein,77717,0.001293%
minecraft:magma_block,75039,0.001248%
minecraft:prismarine,72600,0.001208%
minecraft:prismarine_bricks,72234,0.001202%
minecraft:mossy_cobblestone,66973,0.001114%
minecraft:cave_vines,64651,0.001075%
minecraft:rail,64639,0.001075%
minecraft:fern,61621,0.001025%
minecraft:moss_carpet,56676,0.000943%
minecraft:cobweb,56590,0.000941%
minecraft:waxed_oxidized_cut_copper,54058,0.000899%
minecraft:dark_oak_log,49042,0.000816%
minecraft:deepslate_coal_ore,48105,0.000800%
minecraft:bamboo,47294,0.000787%
minecraft:red_sand,40759,0.000678%
minecraft:coarse_dirt,36619,0.000609%
minecraft:infested_deepslate,35061,0.000583%
minecraft:waxed_copper_grate,33829,0.000563%
minecraft:infested_stone,32355,0.000538%
minecraft:spruce_leaves,29072,0.000484%
minecraft:wildflowers,25996,0.000432%
minecraft:diamond_ore,25412,0.000423%
minecraft:yellow_terracotta,21960,0.000365%
minecraft:stone_bricks,20654,0.000344%
minecraft:brown_terracotta,20397,0.000339%
minecraft:netherrack,19934,0.000332%
minecraft:waxed_oxidized_cut_copper_stairs,17081,0.000284%
minecraft:iron_chain,17026,0.000283%
minecraft:azalea,15867,0.000264%
minecraft:acacia_log,15163,0.000252%
minecraft:mossy_stone_bricks,13704,0.000228%
minecraft:dirt_path,12741,0.000212%
minecraft:big_dripleaf_stem,12007,0.000200%
minecraft:big_dripleaf,10334,0.000172%
minecraft:bush,9680,0.000161%
minecraft:waxed_copper_bulb,9394,0.000156%
minecraft:flowering_azalea,8965,0.000149%
minecraft:cracked_stone_bricks,8900,0.000148%
minecraft:podzol,8653,0.000144%
minecraft:tube_coral_block,7762,0.000129%
minecraft:horn_coral_block,7447,0.000124%
minecraft:gray_wool,7385,0.000123%
minecraft:deepslate_bricks,7342,0.000122%
minecraft:bubble_coral_block,7004,0.000117%
minecraft:chiseled_tuff,6871,0.000114%
minecraft:waxed_chiseled_copper,6831,0.000114%
minecraft:dandelion,6774,0.000113%
minecraft:dark_oak_planks,6521,0.000108%
minecraft:oak_stairs,6462,0.000107%
minecraft:brain_coral_block,6427,0.000107%
minecraft:powder_snow,6196,0.000103%
minecraft:raw_iron_block,6183,0.000103%
minecraft:red_mushroom_block,6149,0.000102%
minecraft:smooth_sandstone,5896,0.000098%
minecraft:fire_coral_block,5880,0.000098%
minecraft:dead_bush,5772,0.000096%
minecraft:waxed_oxidized_copper_grate,5391,0.000090%
minecraft:small_dripleaf,5260,0.000087%
minecraft:deepslate_tiles,5098,0.000085%
minecraft:snow,5017,0.000083%
minecraft:waxed_cut_copper_slab,4781,0.000080%
minecraft:brown_mushroom,4706,0.000078%
minecraft:rooted_dirt,4584,0.000076%
minecraft:spruce_planks,4456,0.000074%
minecraft:cocoa,4440,0.000074%
minecraft:horn_coral_wall_fan,4345,0.000072%
minecraft:tube_coral_wall_fan,4330,0.000072%
minecraft:waxed_weathered_copper_bulb,4296,0.000071%
minecraft:bubble_coral_wall_fan,4274,0.000071%
minecraft:brain_coral_wall_fan,4274,0.000071%
minecraft:fire_coral_wall_fan,4251,0.000071%
minecraft:waxed_exposed_copper_bulb,4226,0.000070%
minecraft:raw_copper_block,4115,0.000068%
minecraft:emerald_ore,3978,0.000066%
minecraft:bone_block,3800,0.000063%
minecraft:ladder,3733,0.000062%
minecraft:medium_amethyst_bud,3654,0.000061%
minecraft:large_amethyst_bud,3612,0.000060%
minecraft:cobbled_deepslate,3607,0.000060%
minecraft:wall_torch,3528,0.000059%
minecraft:amethyst_cluster,3504,0.000058%
minecraft:small_amethyst_bud,3487,0.000058%
minecraft:cracked_deepslate_bricks,3456,0.000057%
minecraft:dark_prismarine,3357,0.000056%
minecraft:cut_sandstone,3254,0.000054%
minecraft:spruce_log,3089,0.000051%
minecraft:short_dry_grass,3037,0.000051%
minecraft:tall_dry_grass,2994,0.000050%
minecraft:cherry_leaves,2878,0.000048%
minecraft:jungle_planks,2772,0.000046%
minecraft:chest,2765,0.000046%
minecraft:waxed_cut_copper,2719,0.000045%
minecraft:orange_tulip,2587,0.000043%
minecraft:dark_oak_fence,2535,0.000042%
minecraft:red_tulip,2484,0.000041%
minecraft:sugar_cane,2461,0.000041%
minecraft:sea_pickle,2404,0.000040%
minecraft:peony,2353,0.000039%
minecraft:deepslate_tile_stairs,2337,0.000039%
minecraft:decorated_pot,2270,0.000038%
minecraft:spruce_stairs,2250,0.000037%
minecraft:cracked_deepslate_tiles,2227,0.000037%
minecraft:waxed_oxidized_copper_trapdoor,2158,0.000036%
minecraft:azure_bluet,2117,0.000035%
minecraft:light_gray_stained_glass,2092,0.000035%
minecraft:spawner,1976,0.000033%
minecraft:rose_bush,1972,0.000033%
minecraft:white_tulip,1966,0.000033%
minecraft:infested_stone_bricks,1942,0.000032%
minecraft:sunflower,1846,0.000031%
minecraft:lilac,1737,0.000029%
minecraft:sculk_sensor,1665,0.000028%
minecraft:jungle_stairs,1603,0.000027%
minecraft:brown_mushroom_block,1572,0.000026%
minecraft:polished_deepslate,1561,0.000026%
minecraft:melon,1558,0.000026%
minecraft:spore_blossom,1438,0.000024%
minecraft:sea_lantern,1387,0.000023%
minecraft:snow_block,1379,0.000023%
minecraft:waxed_oxidized_copper_bulb,1367,0.000023%
minecraft:oxeye_daisy,1345,0.000022%
minecraft:poppy,1326,0.000022%
minecraft:pink_tulip,1304,0.000022%
minecraft:lily_of_the_valley,1256,0.000021%
minecraft:vault,1227,0.000020%
minecraft:farmland,1211,0.000020%
minecraft:chiseled_deepslate,1211,0.000020%
minecraft:pink_petals,1182,0.000020%
minecraft:oak_button,1150,0.000019%
minecraft:dispenser,1141,0.000019%
minecraft:birch_planks,1064,0.000018%
minecraft:dark_oak_stairs,1063,0.000018%
minecraft:red_mushroom,1023,0.000017%
minecraft:mushroom_stem,971,0.000016%
minecraft:acacia_stairs,949,0.000016%
minecraft:cornflower,931,0.000015%
minecraft:acacia_planks,861,0.000014%
minecraft:wheat,857,0.000014%
minecraft:trial_spawner,846,0.000014%
minecraft:barrel,846,0.000014%
minecraft:firefly_bush,794,0.000013%
minecraft:bookshelf,788,0.000013%
minecraft:mud_bricks,782,0.000013%
minecraft:oxidized_cut_copper,743,0.000012%
minecraft:candle,714,0.000012%
minecraft:packed_ice,713,0.000012%
minecraft:iron_bars,706,0.000012%
minecraft:deepslate_tile_slab,703,0.000012%
minecraft:lily_pad,682,0.000011%
minecraft:pumpkin,662,0.000011%
minecraft:polished_tuff_slab,652,0.000011%
minecraft:red_candle,652,0.000011%
minecraft:red_glazed_terracotta,651,0.000011%
minecraft:suspicious_gravel,645,0.000011%
minecraft:bubble_coral,632,0.000011%
minecraft:waxed_oxidized_copper_door,628,0.000010%
minecraft:brain_coral_fan,605,0.000010%
minecraft:tube_coral,594,0.000010%
minecraft:horn_coral_fan,593,0.000010%
minecraft:fire_coral_fan,592,0.000010%
minecraft:fire_coral,590,0.000010%
minecraft:brain_coral,580,0.000010%
minecraft:tube_coral_fan,579,0.000010%
minecraft:horn_coral,559,0.000009%
minecraft:cobblestone_stairs,551,0.000009%
minecraft:smooth_sandstone_slab,541,0.000009%
minecraft:bubble_coral_fan,532,0.000009%
minecraft:allium,506,0.000008%
minecraft:glass_pane,504,0.000008%
minecraft:hopper,500,0.000008%
minecraft:waxed_cut_copper_stairs,497,0.000008%
minecraft:hay_block,488,0.000008%
minecraft:spruce_fence,483,0.000008%
minecraft:cactus,473,0.000008%
minecraft:wet_sponge,437,0.000007%
minecraft:sculk_catalyst,427,0.000007%
minecraft:obsidian,425,0.000007%
minecraft:bricks,418,0.000007%
minecraft:chiseled_sandstone,415,0.000007%
minecraft:chiseled_stone_bricks,411,0.000007%
minecraft:acacia_fence,387,0.000006%
minecraft:smooth_stone_slab,386,0.000006%
minecraft:stripped_oak_log,383,0.000006%
minecraft:azalea_leaves,376,0.000006%
minecraft:deepslate_brick_stairs,375,0.000006%
minecraft:flower_pot,373,0.000006%
minecraft:copper_block,360,0.000006%
minecraft:polished_granite,346,0.000006%
minecraft:gray_carpet,343,0.000006%
minecraft:potted_dead_bush,340,0.000006%
minecraft:white_stained_glass,328,0.000005%
minecraft:oak_door,322,0.000005%
minecraft:acacia_wood,317,0.000005%
minecraft:polished_basalt,313,0.000005%
minecraft:suspicious_sand,311,0.000005%
minecraft:acacia_slab,309,0.000005%
minecraft:spruce_slab,288,0.000005%
minecraft:smooth_sandstone_stairs,279,0.000005%
minecraft:oak_slab,269,0.000004%
minecraft:red_concrete,256,0.000004%
minecraft:waxed_oxidized_cut_copper_slab,220,0.000004%
minecraft:sandstone_slab,212,0.000004%
minecraft:mangrove_leaves,204,0.000003%
minecraft:jungle_fence,200,0.000003%
minecraft:black_stained_glass,196,0.000003%
minecraft:deepslate_brick_slab,190,0.000003%
minecraft:cherry_log,186,0.000003%
minecraft:sculk_shrieker,185,0.000003%
minecraft:oak_trapdoor,175,0.000003%
minecraft:deepslate_tile_wall,172,0.000003%
minecraft:red_sandstone,171,0.000003%
minecraft:torch,163,0.000003%
minecraft:stone_brick_stairs,158,0.000003%
minecraft:spruce_trapdoor,147,0.000002%
minecraft:bee_nest,141,0.000002%
minecraft:flowering_azalea_leaves,141,0.000002%
minecraft:melon_stem,140,0.000002%
minecraft:polished_deepslate_wall,138,0.000002%
minecraft:iron_door,138,0.000002%
minecraft:mossy_stone_brick_slab,135,0.000002%
minecraft:jungle_trapdoor,134,0.000002%
minecraft:dark_oak_slab,133,0.000002%
minecraft:packed_mud,130,0.000002%
minecraft:soul_lantern,128,0.000002%
minecraft:stone_button,128,0.000002%
minecraft:stone_brick_slab,127,0.000002%
minecraft:sandstone_wall,120,0.000002%
minecraft:tripwire,119,0.000002%
minecraft:gold_block,119,0.000002%
minecraft:smooth_stone,116,0.000002%
minecraft:carrots,114,0.000002%
minecraft:jungle_slab,106,0.000002%
minecraft:redstone_wire,106,0.000002%
minecraft:birch_fence,104,0.000002%
minecraft:deepslate_emerald_ore,100,0.000002%
minecraft:white_concrete,100,0.000002%
minecraft:white_bed,98,0.000002%
minecraft:birch_slab,90,0.000001%
minecraft:yellow_bed,88,0.000001%
minecraft:white_candle,83,0.000001%
minecraft:purple_bed,82,0.000001%
minecraft:cactus_flower,82,0.000001%
minecraft:lime_bed,80,0.000001%
minecraft:birch_stairs,80,0.000001%
minecraft:white_wool,78,0.000001%
minecraft:sandstone_stairs,77,0.000001%
minecraft:mossy_stone_brick_stairs,74,0.000001%
minecraft:blue_terracotta,74,0.000001%
minecraft:polished_deepslate_stairs,72,0.000001%
minecraft:dark_oak_trapdoor,69,0.000001%
minecraft:oak_pressure_plate,65,0.000001%
minecraft:soul_fire,61,0.000001%
minecraft:soul_sand,61,0.000001%
minecraft:light_blue_wool,60,0.000001%
minecraft:jungle_button,59,0.000001%
minecraft:potatoes,59,0.000001%
minecraft:light_blue_carpet,58,0.000001%
minecraft:waxed_copper_door,58,0.000001%
minecraft:reinforced_deepslate,56,0.000001%
minecraft:tripwire_hook,56,0.000001%
minecraft:jungle_door,56,0.000001%
minecraft:mud_brick_stairs,54,0.000001%
minecraft:waxed_oxidized_chiseled_copper,53,0.000001%
minecraft:acacia_door,52,0.000001%
minecraft:crying_obsidian,52,0.000001%
minecraft:cyan_carpet,50,0.000001%
minecraft:cyan_terracotta,48,0.000001%
minecraft:cobblestone_wall,45,0.000001%
minecraft:gray_terracotta,42,0.000001%
minecraft:yellow_wool,40,0.000001%
minecraft:yellow_stained_glass_pane,40,0.000001%
minecraft:beetroots,39,0.000001%
minecraft:brown_wall_banner,39,0.000001%
minecraft:white_stained_glass_pane,38,0.000001%
minecraft:green_bed,38,0.000001%
minecraft:light_gray_glazed_terracotta,38,0.000001%
minecraft:mud_brick_slab,35,0.000001%
minecraft:blue_orchid,35,0.000001%
minecraft:potted_cactus,35,0.000001%
minecraft:orange_bed,34,0.000001%
minecraft:black_bed,34,0.000001%
minecraft:stripped_oak_wood,33,0.000001%
minecraft:brick_stairs,32,0.000001%
minecraft:cyan_bed,32,0.000001%
minecraft:red_bed,32,0.000001%
minecraft:hanging_roots,31,0.000001%
minecraft:light_blue_terracotta,31,0.000001%
minecraft:polished_andesite,28,0.000000%
minecraft:mangrove_log,27,0.000000%
minecraft:mangrove_roots,26,0.000000%
minecraft:mud,25,0.000000%
minecraft:crafting_table,24,0.000000%
minecraft:end_portal_frame,24,0.000000%
minecraft:cobbled_deepslate_wall,24,0.000000%
minecraft:stone_slab,24,0.000000%
minecraft:composter,23,0.000000%
minecraft:redstone_lamp,23,0.000000%
minecraft:yellow_glazed_terracotta,22,0.000000%
minecraft:magenta_bed,22,0.000000%
minecraft:black_glazed_terracotta,22,0.000000%
minecraft:gray_bed,20,0.000000%
minecraft:mud_brick_wall,20,0.000000%
minecraft:blue_bed,20,0.000000%
minecraft:blue_carpet,20,0.000000%
minecraft:brown_bed,20,0.000000%
minecraft:cobbled_deepslate_stairs,20,0.000000%
minecraft:orange_glazed_terracotta,18,0.000000%
minecraft:mangrove_wood,17,0.000000%
minecraft:sticky_piston,17,0.000000%
minecraft:light_blue_bed,16,0.000000%
minecraft:white_wall_banner,16,0.000000%
minecraft:water_cauldron,15,0.000000%
minecraft:green_carpet,14,0.000000%
minecraft:lever,14,0.000000%
minecraft:cobblestone_slab,14,0.000000%
minecraft:oxidized_copper_trapdoor,14,0.000000%
minecraft:bell,14,0.000000%
minecraft:light_gray_bed,14,0.000000%
minecraft:blue_ice,12,0.000000%
minecraft:repeater,12,0.000000%
minecraft:oak_fence_gate,12,0.000000%
minecraft:carved_pumpkin,10,0.000000%
minecraft:blast_furnace,10,0.000000%
minecraft:yellow_carpet,9,0.000000%
minecraft:deepslate_brick_wall,9,0.000000%
minecraft:comparator,9,0.000000%
minecraft:ice,9,0.000000%
minecraft:muddy_mangrove_roots,9,0.000000%
minecraft:polished_diorite,8,0.000000%
minecraft:white_glazed_terracotta,8,0.000000%
minecraft:furnace,7,0.000000%
minecraft:brewing_stand,7,0.000000%
minecraft:acacia_pressure_plate,7,0.000000%
minecraft:brick_slab,7,0.000000%
minecraft:grindstone,6,0.000000%
minecraft:cartography_table,6,0.000000%
minecraft:mossy_cobblestone_stairs,5,0.000000%
minecraft:glass,4,0.000000%
minecraft:dark_oak_door,4,0.000000%
minecraft:piston_head,4,0.000000%
minecraft:purple_glazed_terracotta,4,0.000000%
minecraft:fletching_table,4,0.000000%
minecraft:light_blue_glazed_terracotta,4,0.000000%
minecraft:redstone_wall_torch,4,0.000000%
minecraft:coal_block,4,0.000000%
minecraft:polished_deepslate_slab,3,0.000000%
minecraft:acacia_fence_gate,3,0.000000%
minecraft:smithing_table,3,0.000000%
minecraft:potted_dandelion,3,0.000000%
minecraft:stone_pressure_plate,3,0.000000%
minecraft:stonecutter,3,0.000000%
minecraft:mossy_stone_brick_wall,3,0.000000%
minecraft:smoker,3,0.000000%
minecraft:loom,2,0.000000%
minecraft:skeleton_skull,2,0.000000%
minecraft:pink_bed,2,0.000000%
minecraft:redstone_block,2,0.000000%
minecraft:lectern,2,0.000000%
minecraft:campfire,2,0.000000%
minecraft:note_block,2,0.000000%
minecraft:spruce_door,2,0.000000%
minecraft:mossy_cobblestone_wall,1,0.000000%
minecraft:brown_stained_glass,1,0.000000%
minecraft:iron_trapdoor,1,0.000000%
minecraft:cyan_glazed_terracotta,1,0.000000%
minecraft:stone_brick_wall,1,0.000000%
minecraft:target,1,0.000000%
